0 verbose cli /usr/bin/node /usr/bin/npm
1 info using npm@10.7.0
2 info using node@v18.20.4
3 silly config:load:file:/usr/lib/node_modules/npm/npmrc
4 silly config:load:file:/home/ubuntu/blog-project/.npmrc
5 silly config:load:file:/home/ubuntu/.npmrc
6 silly config:load:file:/usr/etc/npmrc
7 verbose title npm install express mysql dotenv
8 verbose argv "install" "express" "mysql" "dotenv"
9 verbose logfile logs-max:10 dir:/home/ubuntu/.npm/_logs/2024-09-17T12_29_29_541Z-
10 verbose logfile /home/ubuntu/.npm/_logs/2024-09-17T12_29_29_541Z-debug-0.log
11 silly logfile done cleaning log files
12 silly idealTree buildDeps
13 silly fetch manifest express@*
14 http fetch GET 200 https://registry.npmjs.org/express 116ms (cache miss)
15 silly fetch manifest mysql@*
16 http fetch GET 200 https://registry.npmjs.org/mysql 41ms (cache miss)
17 silly fetch manifest dotenv@*
18 http fetch GET 200 https://registry.npmjs.org/dotenv 54ms (cache miss)
19 silly placeDep ROOT dotenv@16.4.5 OK for: blog-project@1.0.0 want: *
20 silly placeDep ROOT express@4.21.0 OK for: blog-project@1.0.0 want: *
21 silly placeDep ROOT mysql@2.18.1 OK for: blog-project@1.0.0 want: *
22 silly fetch manifest accepts@~1.3.8
23 http fetch GET 200 https://registry.npmjs.org/accepts 55ms (cache miss)
24 silly fetch manifest array-flatten@1.1.1
25 http fetch GET 200 https://registry.npmjs.org/array-flatten 61ms (cache miss)
26 silly fetch manifest body-parser@1.20.3
27 http fetch GET 200 https://registry.npmjs.org/body-parser 37ms (cache miss)
28 silly fetch manifest content-disposition@0.5.4
29 http fetch GET 200 https://registry.npmjs.org/content-disposition 28ms (cache miss)
30 silly fetch manifest content-type@~1.0.4
31 http fetch GET 200 https://registry.npmjs.org/content-type 41ms (cache miss)
32 silly fetch manifest cookie@0.6.0
33 http fetch GET 200 https://registry.npmjs.org/cookie 38ms (cache miss)
34 silly fetch manifest cookie-signature@1.0.6
35 http fetch GET 200 https://registry.npmjs.org/cookie-signature 29ms (cache miss)
36 silly fetch manifest debug@2.6.9
37 http fetch GET 200 https://registry.npmjs.org/debug 29ms (cache miss)
38 silly fetch manifest depd@2.0.0
39 http fetch GET 200 https://registry.npmjs.org/depd 31ms (cache miss)
40 silly fetch manifest encodeurl@~2.0.0
41 http fetch GET 200 https://registry.npmjs.org/encodeurl 37ms (cache miss)
42 silly fetch manifest escape-html@~1.0.3
43 http fetch GET 200 https://registry.npmjs.org/escape-html 27ms (cache miss)
44 silly fetch manifest etag@~1.8.1
45 http fetch GET 200 https://registry.npmjs.org/etag 32ms (cache miss)
46 silly fetch manifest finalhandler@1.3.1
47 http fetch GET 200 https://registry.npmjs.org/finalhandler 30ms (cache miss)
48 silly fetch manifest fresh@0.5.2
49 http fetch GET 200 https://registry.npmjs.org/fresh 41ms (cache miss)
50 silly fetch manifest http-errors@2.0.0
51 http fetch GET 200 https://registry.npmjs.org/http-errors 31ms (cache miss)
52 silly fetch manifest merge-descriptors@1.0.3
53 http fetch GET 200 https://registry.npmjs.org/merge-descriptors 48ms (cache miss)
54 silly fetch manifest methods@~1.1.2
55 http fetch GET 200 https://registry.npmjs.org/methods 39ms (cache miss)
56 silly fetch manifest on-finished@2.4.1
57 http fetch GET 200 https://registry.npmjs.org/on-finished 30ms (cache miss)
58 silly fetch manifest parseurl@~1.3.3
59 http fetch GET 200 https://registry.npmjs.org/parseurl 33ms (cache miss)
60 silly fetch manifest path-to-regexp@0.1.10
61 http fetch GET 200 https://registry.npmjs.org/path-to-regexp 49ms (cache miss)
62 silly fetch manifest proxy-addr@~2.0.7
63 http fetch GET 200 https://registry.npmjs.org/proxy-addr 30ms (cache miss)
64 silly fetch manifest qs@6.13.0
65 http fetch GET 200 https://registry.npmjs.org/qs 84ms (cache miss)
66 silly fetch manifest range-parser@~1.2.1
67 http fetch GET 200 https://registry.npmjs.org/range-parser 40ms (cache miss)
68 silly fetch manifest safe-buffer@5.2.1
69 http fetch GET 200 https://registry.npmjs.org/safe-buffer 41ms (cache miss)
70 silly fetch manifest send@0.19.0
71 http fetch GET 200 https://registry.npmjs.org/send 52ms (cache miss)
72 silly fetch manifest serve-static@1.16.2
73 http fetch GET 200 https://registry.npmjs.org/serve-static 37ms (cache miss)
74 silly fetch manifest setprototypeof@1.2.0
75 http fetch GET 200 https://registry.npmjs.org/setprototypeof 31ms (cache miss)
76 silly fetch manifest statuses@2.0.1
77 http fetch GET 200 https://registry.npmjs.org/statuses 44ms (cache miss)
78 silly fetch manifest type-is@~1.6.18
79 http fetch GET 200 https://registry.npmjs.org/type-is 34ms (cache miss)
80 silly fetch manifest utils-merge@1.0.1
81 http fetch GET 200 https://registry.npmjs.org/utils-merge 36ms (cache miss)
82 silly fetch manifest vary@~1.1.2
83 http fetch GET 200 https://registry.npmjs.org/vary 39ms (cache miss)
84 silly fetch manifest bignumber.js@9.0.0
85 http fetch GET 200 https://registry.npmjs.org/bignumber.js 36ms (cache miss)
86 silly fetch manifest readable-stream@2.3.7
87 http fetch GET 200 https://registry.npmjs.org/readable-stream 52ms (cache miss)
88 silly fetch manifest safe-buffer@5.1.2
89 silly fetch manifest sqlstring@2.3.1
90 http fetch GET 200 https://registry.npmjs.org/sqlstring 43ms (cache miss)
91 silly placeDep ROOT accepts@1.3.8 OK for: express@4.21.0 want: ~1.3.8
92 silly placeDep ROOT array-flatten@1.1.1 OK for: express@4.21.0 want: 1.1.1
93 silly placeDep ROOT body-parser@1.20.3 OK for: express@4.21.0 want: 1.20.3
94 silly placeDep ROOT content-disposition@0.5.4 OK for: express@4.21.0 want: 0.5.4
95 silly placeDep ROOT content-type@1.0.5 OK for: express@4.21.0 want: ~1.0.4
96 silly placeDep ROOT cookie@0.6.0 OK for: express@4.21.0 want: 0.6.0
97 silly placeDep ROOT cookie-signature@1.0.6 OK for: express@4.21.0 want: 1.0.6
98 silly placeDep ROOT debug@2.6.9 OK for: express@4.21.0 want: 2.6.9
99 silly placeDep ROOT depd@2.0.0 OK for: express@4.21.0 want: 2.0.0
100 silly placeDep ROOT encodeurl@2.0.0 OK for: express@4.21.0 want: ~2.0.0
101 silly placeDep ROOT escape-html@1.0.3 OK for: express@4.21.0 want: ~1.0.3
102 silly placeDep ROOT etag@1.8.1 OK for: express@4.21.0 want: ~1.8.1
103 silly placeDep ROOT finalhandler@1.3.1 OK for: express@4.21.0 want: 1.3.1
104 silly placeDep ROOT fresh@0.5.2 OK for: express@4.21.0 want: 0.5.2
105 silly placeDep ROOT http-errors@2.0.0 OK for: express@4.21.0 want: 2.0.0
106 silly placeDep ROOT merge-descriptors@1.0.3 OK for: express@4.21.0 want: 1.0.3
107 silly placeDep ROOT methods@1.1.2 OK for: express@4.21.0 want: ~1.1.2
108 silly placeDep ROOT on-finished@2.4.1 OK for: express@4.21.0 want: 2.4.1
109 silly placeDep ROOT parseurl@1.3.3 OK for: express@4.21.0 want: ~1.3.3
110 silly placeDep ROOT path-to-regexp@0.1.10 OK for: express@4.21.0 want: 0.1.10
111 silly placeDep ROOT proxy-addr@2.0.7 OK for: express@4.21.0 want: ~2.0.7
112 silly placeDep ROOT qs@6.13.0 OK for: express@4.21.0 want: 6.13.0
113 silly placeDep ROOT range-parser@1.2.1 OK for: express@4.21.0 want: ~1.2.1
114 silly placeDep ROOT safe-buffer@5.2.1 OK for: express@4.21.0 want: 5.2.1
115 silly placeDep ROOT send@0.19.0 OK for: express@4.21.0 want: 0.19.0
116 silly placeDep ROOT serve-static@1.16.2 OK for: express@4.21.0 want: 1.16.2
117 silly placeDep ROOT setprototypeof@1.2.0 OK for: express@4.21.0 want: 1.2.0
118 silly placeDep ROOT statuses@2.0.1 OK for: express@4.21.0 want: 2.0.1
119 silly placeDep ROOT type-is@1.6.18 OK for: express@4.21.0 want: ~1.6.18
120 silly placeDep ROOT utils-merge@1.0.1 OK for: express@4.21.0 want: 1.0.1
121 silly placeDep ROOT vary@1.1.2 OK for: express@4.21.0 want: ~1.1.2
122 silly fetch manifest mime-types@~2.1.34
123 http fetch GET 200 https://registry.npmjs.org/mime-types 32ms (cache miss)
124 silly fetch manifest negotiator@0.6.3
125 http fetch GET 200 https://registry.npmjs.org/negotiator 28ms (cache miss)
126 silly fetch manifest bytes@3.1.2
127 http fetch GET 200 https://registry.npmjs.org/bytes 45ms (cache miss)
128 silly fetch manifest unpipe@1.0.0
129 http fetch GET 200 https://registry.npmjs.org/unpipe 29ms (cache miss)
130 silly fetch manifest destroy@1.2.0
131 http fetch GET 200 https://registry.npmjs.org/destroy 35ms (cache miss)
132 silly fetch manifest raw-body@2.5.2
133 http fetch GET 200 https://registry.npmjs.org/raw-body 34ms (cache miss)
134 silly fetch manifest iconv-lite@0.4.24
135 http fetch GET 200 https://registry.npmjs.org/iconv-lite 36ms (cache miss)
136 silly fetch manifest content-type@~1.0.5
137 silly fetch manifest ms@2.0.0
138 http fetch GET 200 https://registry.npmjs.org/ms 31ms (cache miss)
139 silly fetch manifest unpipe@~1.0.0
140 silly fetch manifest inherits@2.0.4
141 http fetch GET 200 https://registry.npmjs.org/inherits 28ms (cache miss)
142 silly fetch manifest toidentifier@1.0.1
143 http fetch GET 200 https://registry.npmjs.org/toidentifier 31ms (cache miss)
144 silly fetch manifest ee-first@1.1.1
145 http fetch GET 200 https://registry.npmjs.org/ee-first 34ms (cache miss)
146 silly fetch manifest forwarded@0.2.0
147 http fetch GET 200 https://registry.npmjs.org/forwarded 36ms (cache miss)
148 silly fetch manifest ipaddr.js@1.9.1
149 http fetch GET 200 https://registry.npmjs.org/ipaddr.js 39ms (cache miss)
150 silly fetch manifest side-channel@^1.0.6
151 http fetch GET 200 https://registry.npmjs.org/side-channel 35ms (cache miss)
152 silly fetch manifest ms@2.1.3
153 silly fetch manifest mime@1.6.0
154 http fetch GET 200 https://registry.npmjs.org/mime 27ms (cache miss)
155 silly fetch manifest encodeurl@~1.0.2
156 silly fetch manifest mime-types@~2.1.24
157 silly fetch manifest media-typer@0.3.0
158 http fetch GET 200 https://registry.npmjs.org/media-typer 37ms (cache miss)
159 silly placeDep ROOT mime-types@2.1.35 OK for: accepts@1.3.8 want: ~2.1.34
160 silly placeDep ROOT negotiator@0.6.3 OK for: accepts@1.3.8 want: 0.6.3
161 silly fetch manifest mime-db@1.52.0
162 http fetch GET 200 https://registry.npmjs.org/mime-db 32ms (cache miss)
163 silly placeDep ROOT bytes@3.1.2 OK for: body-parser@1.20.3 want: 3.1.2
164 silly placeDep ROOT destroy@1.2.0 OK for: body-parser@1.20.3 want: 1.2.0
165 silly placeDep ROOT iconv-lite@0.4.24 OK for: body-parser@1.20.3 want: 0.4.24
166 silly placeDep ROOT raw-body@2.5.2 OK for: body-parser@1.20.3 want: 2.5.2
167 silly placeDep ROOT unpipe@1.0.0 OK for: body-parser@1.20.3 want: 1.0.0
168 silly fetch manifest safer-buffer@>= 2.1.2 < 3
169 http fetch GET 200 https://registry.npmjs.org/safer-buffer 34ms (cache miss)
170 silly placeDep ROOT ms@2.0.0 OK for: debug@2.6.9 want: 2.0.0
171 silly placeDep ROOT inherits@2.0.4 OK for: http-errors@2.0.0 want: 2.0.4
172 silly placeDep ROOT toidentifier@1.0.1 OK for: http-errors@2.0.0 want: 1.0.1
173 silly placeDep ROOT safer-buffer@2.1.2 OK for: iconv-lite@0.4.24 want: >= 2.1.2 < 3
174 silly placeDep ROOT mime-db@1.52.0 OK for: mime-types@2.1.35 want: 1.52.0
175 silly placeDep ROOT bignumber.js@9.0.0 OK for: mysql@2.18.1 want: 9.0.0
176 silly placeDep ROOT readable-stream@2.3.7 OK for: mysql@2.18.1 want: 2.3.7
177 silly placeDep node_modules/mysql safe-buffer@5.1.2 OK for: mysql@2.18.1 want: 5.1.2
178 silly placeDep ROOT sqlstring@2.3.1 OK for: mysql@2.18.1 want: 2.3.1
179 silly fetch manifest core-util-is@~1.0.0
180 http fetch GET 200 https://registry.npmjs.org/core-util-is 37ms (cache miss)
181 silly fetch manifest isarray@~1.0.0
182 http fetch GET 200 https://registry.npmjs.org/isarray 41ms (cache miss)
183 silly fetch manifest process-nextick-args@~2.0.0
184 http fetch GET 200 https://registry.npmjs.org/process-nextick-args 37ms (cache miss)
185 silly fetch manifest safe-buffer@~5.1.1
186 silly fetch manifest string_decoder@~1.1.1
187 http fetch GET 200 https://registry.npmjs.org/string_decoder 39ms (cache miss)
188 silly fetch manifest util-deprecate@~1.0.1
189 http fetch GET 200 https://registry.npmjs.org/util-deprecate 28ms (cache miss)
190 silly placeDep ROOT ee-first@1.1.1 OK for: on-finished@2.4.1 want: 1.1.1
191 silly placeDep ROOT forwarded@0.2.0 OK for: proxy-addr@2.0.7 want: 0.2.0
192 silly placeDep ROOT ipaddr.js@1.9.1 OK for: proxy-addr@2.0.7 want: 1.9.1
193 silly placeDep ROOT side-channel@1.0.6 OK for: qs@6.13.0 want: ^1.0.6
194 silly fetch manifest call-bind@^1.0.7
195 http fetch GET 200 https://registry.npmjs.org/call-bind 34ms (cache miss)
196 silly fetch manifest es-errors@^1.3.0
197 http fetch GET 200 https://registry.npmjs.org/es-errors 29ms (cache miss)
198 silly fetch manifest get-intrinsic@^1.2.4
199 http fetch GET 200 https://registry.npmjs.org/get-intrinsic 32ms (cache miss)
200 silly fetch manifest object-inspect@^1.13.1
201 http fetch GET 200 https://registry.npmjs.org/object-inspect 62ms (cache miss)
202 silly placeDep ROOT core-util-is@1.0.3 OK for: readable-stream@2.3.7 want: ~1.0.0
203 silly placeDep ROOT isarray@1.0.0 OK for: readable-stream@2.3.7 want: ~1.0.0
204 silly placeDep ROOT process-nextick-args@2.0.1 OK for: readable-stream@2.3.7 want: ~2.0.0
205 silly placeDep node_modules/readable-stream safe-buffer@5.1.2 OK for: readable-stream@2.3.7 want: ~5.1.1
206 silly placeDep ROOT string_decoder@1.1.1 OK for: readable-stream@2.3.7 want: ~1.1.1
207 silly placeDep ROOT util-deprecate@1.0.2 OK for: readable-stream@2.3.7 want: ~1.0.1
208 silly fetch manifest safe-buffer@~5.1.0
209 silly placeDep node_modules/send encodeurl@1.0.2 OK for: send@0.19.0 want: ~1.0.2
210 silly placeDep ROOT mime@1.6.0 OK for: send@0.19.0 want: 1.6.0
211 silly placeDep node_modules/send ms@2.1.3 OK for: send@0.19.0 want: 2.1.3
212 silly placeDep ROOT call-bind@1.0.7 OK for: side-channel@1.0.6 want: ^1.0.7
213 silly placeDep ROOT es-errors@1.3.0 OK for: side-channel@1.0.6 want: ^1.3.0
214 silly placeDep ROOT get-intrinsic@1.2.4 OK for: side-channel@1.0.6 want: ^1.2.4
215 silly placeDep ROOT object-inspect@1.13.2 OK for: side-channel@1.0.6 want: ^1.13.1
216 silly fetch manifest es-define-property@^1.0.0
217 http fetch GET 200 https://registry.npmjs.org/es-define-property 42ms (cache miss)
218 silly fetch manifest function-bind@^1.1.2
219 http fetch GET 200 https://registry.npmjs.org/function-bind 36ms (cache miss)
220 silly fetch manifest set-function-length@^1.2.1
221 http fetch GET 200 https://registry.npmjs.org/set-function-length 62ms (cache miss)
222 silly fetch manifest has-proto@^1.0.1
223 http fetch GET 200 https://registry.npmjs.org/has-proto 28ms (cache miss)
224 silly fetch manifest has-symbols@^1.0.3
225 http fetch GET 200 https://registry.npmjs.org/has-symbols 32ms (cache miss)
226 silly fetch manifest hasown@^2.0.0
227 http fetch GET 200 https://registry.npmjs.org/hasown 33ms (cache miss)
228 silly placeDep ROOT es-define-property@1.0.0 OK for: call-bind@1.0.7 want: ^1.0.0
229 silly placeDep ROOT function-bind@1.1.2 OK for: call-bind@1.0.7 want: ^1.1.2
230 silly placeDep ROOT set-function-length@1.2.2 OK for: call-bind@1.0.7 want: ^1.2.1
231 silly fetch manifest define-data-property@^1.1.4
232 http fetch GET 200 https://registry.npmjs.org/define-data-property 36ms (cache miss)
233 silly fetch manifest gopd@^1.0.1
234 http fetch GET 200 https://registry.npmjs.org/gopd 37ms (cache miss)
235 silly fetch manifest has-property-descriptors@^1.0.2
236 http fetch GET 200 https://registry.npmjs.org/has-property-descriptors 31ms (cache miss)
237 silly placeDep ROOT has-proto@1.0.3 OK for: get-intrinsic@1.2.4 want: ^1.0.1
238 silly placeDep ROOT has-symbols@1.0.3 OK for: get-intrinsic@1.2.4 want: ^1.0.3
239 silly placeDep ROOT hasown@2.0.2 OK for: get-intrinsic@1.2.4 want: ^2.0.0
240 silly placeDep ROOT define-data-property@1.1.4 OK for: set-function-length@1.2.2 want: ^1.1.4
241 silly placeDep ROOT gopd@1.0.1 OK for: set-function-length@1.2.2 want: ^1.0.1
242 silly placeDep ROOT has-property-descriptors@1.0.2 OK for: set-function-length@1.2.2 want: ^1.0.2
243 silly placeDep node_modules/string_decoder safe-buffer@5.1.2 OK for: string_decoder@1.1.1 want: ~5.1.0
244 silly placeDep ROOT media-typer@0.3.0 OK for: type-is@1.6.18 want: 0.3.0
245 silly reify moves {}
246 silly audit bulk request {
246 silly audit   dotenv: [ '16.4.5' ],
246 silly audit   express: [ '4.21.0' ],
246 silly audit   mysql: [ '2.18.1' ],
246 silly audit   accepts: [ '1.3.8' ],
246 silly audit   'array-flatten': [ '1.1.1' ],
246 silly audit   'body-parser': [ '1.20.3' ],
246 silly audit   'content-disposition': [ '0.5.4' ],
246 silly audit   'content-type': [ '1.0.5' ],
246 silly audit   cookie: [ '0.6.0' ],
246 silly audit   'cookie-signature': [ '1.0.6' ],
246 silly audit   debug: [ '2.6.9' ],
246 silly audit   depd: [ '2.0.0' ],
246 silly audit   encodeurl: [ '2.0.0', '1.0.2' ],
246 silly audit   'escape-html': [ '1.0.3' ],
246 silly audit   etag: [ '1.8.1' ],
246 silly audit   finalhandler: [ '1.3.1' ],
246 silly audit   fresh: [ '0.5.2' ],
246 silly audit   'http-errors': [ '2.0.0' ],
246 silly audit   'merge-descriptors': [ '1.0.3' ],
246 silly audit   methods: [ '1.1.2' ],
246 silly audit   'on-finished': [ '2.4.1' ],
246 silly audit   parseurl: [ '1.3.3' ],
246 silly audit   'path-to-regexp': [ '0.1.10' ],
246 silly audit   'proxy-addr': [ '2.0.7' ],
246 silly audit   qs: [ '6.13.0' ],
246 silly audit   'range-parser': [ '1.2.1' ],
246 silly audit   'safe-buffer': [ '5.2.1', '5.1.2' ],
246 silly audit   send: [ '0.19.0' ],
246 silly audit   'serve-static': [ '1.16.2' ],
246 silly audit   setprototypeof: [ '1.2.0' ],
246 silly audit   statuses: [ '2.0.1' ],
246 silly audit   'type-is': [ '1.6.18' ],
246 silly audit   'utils-merge': [ '1.0.1' ],
246 silly audit   vary: [ '1.1.2' ],
246 silly audit   'mime-types': [ '2.1.35' ],
246 silly audit   negotiator: [ '0.6.3' ],
246 silly audit   bytes: [ '3.1.2' ],
246 silly audit   destroy: [ '1.2.0' ],
246 silly audit   'iconv-lite': [ '0.4.24' ],
246 silly audit   'raw-body': [ '2.5.2' ],
246 silly audit   unpipe: [ '1.0.0' ],
246 silly audit   ms: [ '2.0.0', '2.1.3' ],
246 silly audit   inherits: [ '2.0.4' ],
246 silly audit   toidentifier: [ '1.0.1' ],
246 silly audit   'safer-buffer': [ '2.1.2' ],
246 silly audit   'mime-db': [ '1.52.0' ],
246 silly audit   'bignumber.js': [ '9.0.0' ],
246 silly audit   'readable-stream': [ '2.3.7' ],
246 silly audit   sqlstring: [ '2.3.1' ],
246 silly audit   'ee-first': [ '1.1.1' ],
246 silly audit   forwarded: [ '0.2.0' ],
246 silly audit   'ipaddr.js': [ '1.9.1' ],
246 silly audit   'side-channel': [ '1.0.6' ],
246 silly audit   'core-util-is': [ '1.0.3' ],
246 silly audit   isarray: [ '1.0.0' ],
246 silly audit   'process-nextick-args': [ '2.0.1' ],
246 silly audit   string_decoder: [ '1.1.1' ],
246 silly audit   'util-deprecate': [ '1.0.2' ],
246 silly audit   mime: [ '1.6.0' ],
246 silly audit   'call-bind': [ '1.0.7' ],
246 silly audit   'es-errors': [ '1.3.0' ],
246 silly audit   'get-intrinsic': [ '1.2.4' ],
246 silly audit   'object-inspect': [ '1.13.2' ],
246 silly audit   'es-define-property': [ '1.0.0' ],
246 silly audit   'function-bind': [ '1.1.2' ],
246 silly audit   'set-function-length': [ '1.2.2' ],
246 silly audit   'has-proto': [ '1.0.3' ],
246 silly audit   'has-symbols': [ '1.0.3' ],
246 silly audit   hasown: [ '2.0.2' ],
246 silly audit   'define-data-property': [ '1.1.4' ],
246 silly audit   gopd: [ '1.0.1' ],
246 silly audit   'has-property-descriptors': [ '1.0.2' ],
246 silly audit   'media-typer': [ '0.3.0' ]
246 silly audit }
247 silly tarball no local data for media-typer@https://registry.npmjs.org/media-typer/-/media-typer-0.3.0.tgz. Extracting by manifest.
248 silly tarball no local data for has-property-descriptors@https://registry.npmjs.org/has-property-descriptors/-/has-property-descriptors-1.0.2.tgz. Extracting by manifest.
249 silly tarball no local data for gopd@https://registry.npmjs.org/gopd/-/gopd-1.0.1.tgz. Extracting by manifest.
250 silly tarball no local data for define-data-property@https://registry.npmjs.org/define-data-property/-/define-data-property-1.1.4.tgz. Extracting by manifest.
251 silly tarball no local data for hasown@https://registry.npmjs.org/hasown/-/hasown-2.0.2.tgz. Extracting by manifest.
252 silly tarball no local data for has-symbols@https://registry.npmjs.org/has-symbols/-/has-symbols-1.0.3.tgz. Extracting by manifest.
253 silly tarball no local data for has-proto@https://registry.npmjs.org/has-proto/-/has-proto-1.0.3.tgz. Extracting by manifest.
254 silly tarball no local data for set-function-length@https://registry.npmjs.org/set-function-length/-/set-function-length-1.2.2.tgz. Extracting by manifest.
255 silly tarball no local data for function-bind@https://registry.npmjs.org/function-bind/-/function-bind-1.1.2.tgz. Extracting by manifest.
256 silly tarball no local data for es-define-property@https://registry.npmjs.org/es-define-property/-/es-define-property-1.0.0.tgz. Extracting by manifest.
257 silly tarball no local data for object-inspect@https://registry.npmjs.org/object-inspect/-/object-inspect-1.13.2.tgz. Extracting by manifest.
258 silly tarball no local data for get-intrinsic@https://registry.npmjs.org/get-intrinsic/-/get-intrinsic-1.2.4.tgz. Extracting by manifest.
259 silly tarball no local data for es-errors@https://registry.npmjs.org/es-errors/-/es-errors-1.3.0.tgz. Extracting by manifest.
260 silly tarball no local data for call-bind@https://registry.npmjs.org/call-bind/-/call-bind-1.0.7.tgz. Extracting by manifest.
261 silly tarball no local data for mime@https://registry.npmjs.org/mime/-/mime-1.6.0.tgz. Extracting by manifest.
262 silly tarball no local data for util-deprecate@https://registry.npmjs.org/util-deprecate/-/util-deprecate-1.0.2.tgz. Extracting by manifest.
263 silly tarball no local data for string_decoder@https://registry.npmjs.org/string_decoder/-/string_decoder-1.1.1.tgz. Extracting by manifest.
264 silly tarball no local data for process-nextick-args@https://registry.npmjs.org/process-nextick-args/-/process-nextick-args-2.0.1.tgz. Extracting by manifest.
265 silly tarball no local data for isarray@https://registry.npmjs.org/isarray/-/isarray-1.0.0.tgz. Extracting by manifest.
266 silly tarball no local data for core-util-is@https://registry.npmjs.org/core-util-is/-/core-util-is-1.0.3.tgz. Extracting by manifest.
267 silly tarball no local data for side-channel@https://registry.npmjs.org/side-channel/-/side-channel-1.0.6.tgz. Extracting by manifest.
268 silly tarball no local data for ipaddr.js@https://registry.npmjs.org/ipaddr.js/-/ipaddr.js-1.9.1.tgz. Extracting by manifest.
269 silly tarball no local data for forwarded@https://registry.npmjs.org/forwarded/-/forwarded-0.2.0.tgz. Extracting by manifest.
270 silly tarball no local data for ee-first@https://registry.npmjs.org/ee-first/-/ee-first-1.1.1.tgz. Extracting by manifest.
271 silly tarball no local data for sqlstring@https://registry.npmjs.org/sqlstring/-/sqlstring-2.3.1.tgz. Extracting by manifest.
272 silly tarball no local data for readable-stream@https://registry.npmjs.org/readable-stream/-/readable-stream-2.3.7.tgz. Extracting by manifest.
273 silly tarball no local data for bignumber.js@https://registry.npmjs.org/bignumber.js/-/bignumber.js-9.0.0.tgz. Extracting by manifest.
274 silly tarball no local data for mime-db@https://registry.npmjs.org/mime-db/-/mime-db-1.52.0.tgz. Extracting by manifest.
275 silly tarball no local data for safer-buffer@https://registry.npmjs.org/safer-buffer/-/safer-buffer-2.1.2.tgz. Extracting by manifest.
276 silly tarball no local data for toidentifier@https://registry.npmjs.org/toidentifier/-/toidentifier-1.0.1.tgz. Extracting by manifest.
277 silly tarball no local data for inherits@https://registry.npmjs.org/inherits/-/inherits-2.0.4.tgz. Extracting by manifest.
278 silly tarball no local data for ms@https://registry.npmjs.org/ms/-/ms-2.0.0.tgz. Extracting by manifest.
279 silly tarball no local data for unpipe@https://registry.npmjs.org/unpipe/-/unpipe-1.0.0.tgz. Extracting by manifest.
280 silly tarball no local data for raw-body@https://registry.npmjs.org/raw-body/-/raw-body-2.5.2.tgz. Extracting by manifest.
281 silly tarball no local data for iconv-lite@https://registry.npmjs.org/iconv-lite/-/iconv-lite-0.4.24.tgz. Extracting by manifest.
282 silly tarball no local data for destroy@https://registry.npmjs.org/destroy/-/destroy-1.2.0.tgz. Extracting by manifest.
283 silly tarball no local data for bytes@https://registry.npmjs.org/bytes/-/bytes-3.1.2.tgz. Extracting by manifest.
284 silly tarball no local data for negotiator@https://registry.npmjs.org/negotiator/-/negotiator-0.6.3.tgz. Extracting by manifest.
285 silly tarball no local data for mime-types@https://registry.npmjs.org/mime-types/-/mime-types-2.1.35.tgz. Extracting by manifest.
286 silly tarball no local data for vary@https://registry.npmjs.org/vary/-/vary-1.1.2.tgz. Extracting by manifest.
287 silly tarball no local data for utils-merge@https://registry.npmjs.org/utils-merge/-/utils-merge-1.0.1.tgz. Extracting by manifest.
288 silly tarball no local data for type-is@https://registry.npmjs.org/type-is/-/type-is-1.6.18.tgz. Extracting by manifest.
289 silly tarball no local data for statuses@https://registry.npmjs.org/statuses/-/statuses-2.0.1.tgz. Extracting by manifest.
290 silly tarball no local data for setprototypeof@https://registry.npmjs.org/setprototypeof/-/setprototypeof-1.2.0.tgz. Extracting by manifest.
291 silly tarball no local data for serve-static@https://registry.npmjs.org/serve-static/-/serve-static-1.16.2.tgz. Extracting by manifest.
292 silly tarball no local data for send@https://registry.npmjs.org/send/-/send-0.19.0.tgz. Extracting by manifest.
293 silly tarball no local data for safe-buffer@https://registry.npmjs.org/safe-buffer/-/safe-buffer-5.2.1.tgz. Extracting by manifest.
294 silly tarball no local data for range-parser@https://registry.npmjs.org/range-parser/-/range-parser-1.2.1.tgz. Extracting by manifest.
295 silly tarball no local data for qs@https://registry.npmjs.org/qs/-/qs-6.13.0.tgz. Extracting by manifest.
296 silly tarball no local data for proxy-addr@https://registry.npmjs.org/proxy-addr/-/proxy-addr-2.0.7.tgz. Extracting by manifest.
297 silly tarball no local data for path-to-regexp@https://registry.npmjs.org/path-to-regexp/-/path-to-regexp-0.1.10.tgz. Extracting by manifest.
298 silly tarball no local data for parseurl@https://registry.npmjs.org/parseurl/-/parseurl-1.3.3.tgz. Extracting by manifest.
299 silly tarball no local data for on-finished@https://registry.npmjs.org/on-finished/-/on-finished-2.4.1.tgz. Extracting by manifest.
300 silly tarball no local data for methods@https://registry.npmjs.org/methods/-/methods-1.1.2.tgz. Extracting by manifest.
301 silly tarball no local data for http-errors@https://registry.npmjs.org/http-errors/-/http-errors-2.0.0.tgz. Extracting by manifest.
302 silly tarball no local data for merge-descriptors@https://registry.npmjs.org/merge-descriptors/-/merge-descriptors-1.0.3.tgz. Extracting by manifest.
303 silly tarball no local data for fresh@https://registry.npmjs.org/fresh/-/fresh-0.5.2.tgz. Extracting by manifest.
304 silly tarball no local data for finalhandler@https://registry.npmjs.org/finalhandler/-/finalhandler-1.3.1.tgz. Extracting by manifest.
305 silly tarball no local data for etag@https://registry.npmjs.org/etag/-/etag-1.8.1.tgz. Extracting by manifest.
306 silly tarball no local data for escape-html@https://registry.npmjs.org/escape-html/-/escape-html-1.0.3.tgz. Extracting by manifest.
307 silly tarball no local data for encodeurl@https://registry.npmjs.org/encodeurl/-/encodeurl-2.0.0.tgz. Extracting by manifest.
308 silly tarball no local data for depd@https://registry.npmjs.org/depd/-/depd-2.0.0.tgz. Extracting by manifest.
309 silly tarball no local data for debug@https://registry.npmjs.org/debug/-/debug-2.6.9.tgz. Extracting by manifest.
310 silly tarball no local data for cookie-signature@https://registry.npmjs.org/cookie-signature/-/cookie-signature-1.0.6.tgz. Extracting by manifest.
311 silly tarball no local data for cookie@https://registry.npmjs.org/cookie/-/cookie-0.6.0.tgz. Extracting by manifest.
312 silly tarball no local data for content-type@https://registry.npmjs.org/content-type/-/content-type-1.0.5.tgz. Extracting by manifest.
313 silly tarball no local data for content-disposition@https://registry.npmjs.org/content-disposition/-/content-disposition-0.5.4.tgz. Extracting by manifest.
314 silly tarball no local data for body-parser@https://registry.npmjs.org/body-parser/-/body-parser-1.20.3.tgz. Extracting by manifest.
315 silly tarball no local data for array-flatten@https://registry.npmjs.org/array-flatten/-/array-flatten-1.1.1.tgz. Extracting by manifest.
316 silly tarball no local data for accepts@https://registry.npmjs.org/accepts/-/accepts-1.3.8.tgz. Extracting by manifest.
317 silly tarball no local data for mysql@https://registry.npmjs.org/mysql/-/mysql-2.18.1.tgz. Extracting by manifest.
318 silly tarball no local data for express@https://registry.npmjs.org/express/-/express-4.21.0.tgz. Extracting by manifest.
319 silly tarball no local data for dotenv@https://registry.npmjs.org/dotenv/-/dotenv-16.4.5.tgz. Extracting by manifest.
320 silly tarball no local data for safe-buffer@https://registry.npmjs.org/safe-buffer/-/safe-buffer-5.1.2.tgz. Extracting by manifest.
321 silly tarball no local data for safe-buffer@https://registry.npmjs.org/safe-buffer/-/safe-buffer-5.1.2.tgz. Extracting by manifest.
322 silly tarball no local data for ms@https://registry.npmjs.org/ms/-/ms-2.1.3.tgz. Extracting by manifest.
323 silly tarball no local data for encodeurl@https://registry.npmjs.org/encodeurl/-/encodeurl-1.0.2.tgz. Extracting by manifest.
324 silly tarball no local data for safe-buffer@https://registry.npmjs.org/safe-buffer/-/safe-buffer-5.1.2.tgz. Extracting by manifest.
325 http fetch POST 200 https://registry.npmjs.org/-/npm/v1/security/advisories/bulk 226ms
326 silly audit report {}
327 http fetch GET 200 https://registry.npmjs.org/gopd/-/gopd-1.0.1.tgz 646ms (cache miss)
328 http fetch GET 200 https://registry.npmjs.org/media-typer/-/media-typer-0.3.0.tgz 673ms (cache miss)
329 http fetch GET 200 https://registry.npmjs.org/has-property-descriptors/-/has-property-descriptors-1.0.2.tgz 680ms (cache miss)
330 http fetch GET 200 https://registry.npmjs.org/util-deprecate/-/util-deprecate-1.0.2.tgz 670ms (cache miss)
331 http fetch GET 200 https://registry.npmjs.org/core-util-is/-/core-util-is-1.0.3.tgz 678ms (cache miss)
332 http fetch GET 200 https://registry.npmjs.org/hasown/-/hasown-2.0.2.tgz 691ms (cache miss)
333 http fetch GET 200 https://registry.npmjs.org/string_decoder/-/string_decoder-1.1.1.tgz 684ms (cache miss)
334 http fetch GET 200 https://registry.npmjs.org/process-nextick-args/-/process-nextick-args-2.0.1.tgz 684ms (cache miss)
335 http fetch GET 200 https://registry.npmjs.org/ee-first/-/ee-first-1.1.1.tgz 678ms (cache miss)
336 http fetch GET 200 https://registry.npmjs.org/mime/-/mime-1.6.0.tgz 686ms (cache miss)
337 http fetch GET 200 https://registry.npmjs.org/isarray/-/isarray-1.0.0.tgz 689ms (cache miss)
338 http fetch GET 200 https://registry.npmjs.org/toidentifier/-/toidentifier-1.0.1.tgz 678ms (cache miss)
339 http fetch GET 200 https://registry.npmjs.org/es-define-property/-/es-define-property-1.0.0.tgz 704ms (cache miss)
340 http fetch GET 200 https://registry.npmjs.org/forwarded/-/forwarded-0.2.0.tgz 693ms (cache miss)
341 http fetch GET 200 https://registry.npmjs.org/inherits/-/inherits-2.0.4.tgz 683ms (cache miss)
342 http fetch GET 200 https://registry.npmjs.org/destroy/-/destroy-1.2.0.tgz 679ms (cache miss)
343 http fetch GET 200 https://registry.npmjs.org/negotiator/-/negotiator-0.6.3.tgz 678ms (cache miss)
344 http fetch GET 200 https://registry.npmjs.org/has-proto/-/has-proto-1.0.3.tgz 712ms (cache miss)
345 http fetch GET 200 https://registry.npmjs.org/ms/-/ms-2.0.0.tgz 689ms (cache miss)
346 http fetch GET 200 https://registry.npmjs.org/unpipe/-/unpipe-1.0.0.tgz 689ms (cache miss)
347 http fetch GET 200 https://registry.npmjs.org/set-function-length/-/set-function-length-1.2.2.tgz 717ms (cache miss)
348 http fetch GET 200 https://registry.npmjs.org/utils-merge/-/utils-merge-1.0.1.tgz 691ms (cache miss)
349 http fetch GET 200 https://registry.npmjs.org/cookie-signature/-/cookie-signature-1.0.6.tgz 638ms (cache miss)
350 http fetch GET 200 https://registry.npmjs.org/sqlstring/-/sqlstring-2.3.1.tgz 711ms (cache miss)
351 http fetch GET 200 https://registry.npmjs.org/bytes/-/bytes-3.1.2.tgz 696ms (cache miss)
352 http fetch GET 200 https://registry.npmjs.org/vary/-/vary-1.1.2.tgz 695ms (cache miss)
353 http fetch GET 200 https://registry.npmjs.org/setprototypeof/-/setprototypeof-1.2.0.tgz 680ms (cache miss)
354 http fetch GET 200 https://registry.npmjs.org/range-parser/-/range-parser-1.2.1.tgz 662ms (cache miss)
355 http fetch GET 200 https://registry.npmjs.org/encodeurl/-/encodeurl-2.0.0.tgz 646ms (cache miss)
356 http fetch GET 200 https://registry.npmjs.org/statuses/-/statuses-2.0.1.tgz 690ms (cache miss)
357 http fetch GET 200 https://registry.npmjs.org/mime-types/-/mime-types-2.1.35.tgz 702ms (cache miss)
358 http fetch GET 200 https://registry.npmjs.org/type-is/-/type-is-1.6.18.tgz 698ms (cache miss)
359 http fetch GET 200 https://registry.npmjs.org/parseurl/-/parseurl-1.3.3.tgz 657ms (cache miss)
360 http fetch GET 200 https://registry.npmjs.org/content-disposition/-/content-disposition-0.5.4.tgz 645ms (cache miss)
361 http fetch GET 200 https://registry.npmjs.org/depd/-/depd-2.0.0.tgz 651ms (cache miss)
362 http fetch GET 200 https://registry.npmjs.org/es-errors/-/es-errors-1.3.0.tgz 730ms (cache miss)
363 http fetch GET 200 https://registry.npmjs.org/safe-buffer/-/safe-buffer-5.2.1.tgz 674ms (cache miss)
364 http fetch GET 200 https://registry.npmjs.org/on-finished/-/on-finished-2.4.1.tgz 659ms (cache miss)
365 http fetch GET 200 https://registry.npmjs.org/path-to-regexp/-/path-to-regexp-0.1.10.tgz 660ms (cache miss)
366 http fetch GET 200 https://registry.npmjs.org/methods/-/methods-1.1.2.tgz 660ms (cache miss)
367 http fetch GET 200 https://registry.npmjs.org/http-errors/-/http-errors-2.0.0.tgz 659ms (cache miss)
368 http fetch GET 200 https://registry.npmjs.org/content-type/-/content-type-1.0.5.tgz 649ms (cache miss)
369 http fetch GET 200 https://registry.npmjs.org/escape-html/-/escape-html-1.0.3.tgz 657ms (cache miss)
370 http fetch GET 200 https://registry.npmjs.org/serve-static/-/serve-static-1.16.2.tgz 691ms (cache miss)
371 http fetch GET 200 https://registry.npmjs.org/proxy-addr/-/proxy-addr-2.0.7.tgz 667ms (cache miss)
372 http fetch GET 200 https://registry.npmjs.org/finalhandler/-/finalhandler-1.3.1.tgz 662ms (cache miss)
373 http fetch GET 200 https://registry.npmjs.org/array-flatten/-/array-flatten-1.1.1.tgz 652ms (cache miss)
374 http fetch GET 200 https://registry.npmjs.org/merge-descriptors/-/merge-descriptors-1.0.3.tgz 666ms (cache miss)
375 http fetch GET 200 https://registry.npmjs.org/call-bind/-/call-bind-1.0.7.tgz 739ms (cache miss)
376 http fetch GET 200 https://registry.npmjs.org/ipaddr.js/-/ipaddr.js-1.9.1.tgz 732ms (cache miss)
377 http fetch GET 200 https://registry.npmjs.org/fresh/-/fresh-0.5.2.tgz 667ms (cache miss)
378 http fetch GET 200 https://registry.npmjs.org/etag/-/etag-1.8.1.tgz 666ms (cache miss)
379 http fetch GET 200 https://registry.npmjs.org/accepts/-/accepts-1.3.8.tgz 657ms (cache miss)
380 http fetch GET 200 https://registry.npmjs.org/ms/-/ms-2.1.3.tgz 652ms (cache miss)
381 http fetch GET 200 https://registry.npmjs.org/safe-buffer/-/safe-buffer-5.1.2.tgz 654ms (cache miss)
382 http fetch GET 200 https://registry.npmjs.org/get-intrinsic/-/get-intrinsic-1.2.4.tgz 743ms (cache miss)
383 http fetch GET 200 https://registry.npmjs.org/define-data-property/-/define-data-property-1.1.4.tgz 750ms (cache miss)
384 http fetch GET 200 https://registry.npmjs.org/raw-body/-/raw-body-2.5.2.tgz 723ms (cache miss)
385 http fetch GET 200 https://registry.npmjs.org/encodeurl/-/encodeurl-1.0.2.tgz 657ms (cache miss)
386 http fetch GET 200 https://registry.npmjs.org/has-symbols/-/has-symbols-1.0.3.tgz 753ms (cache miss)
387 http fetch GET 200 https://registry.npmjs.org/side-channel/-/side-channel-1.0.6.tgz 743ms (cache miss)
388 http fetch GET 200 https://registry.npmjs.org/cookie/-/cookie-0.6.0.tgz 669ms (cache miss)
389 http fetch GET 200 https://registry.npmjs.org/safe-buffer/-/safe-buffer-5.1.2.tgz 661ms (cache miss)
390 http fetch GET 200 https://registry.npmjs.org/safe-buffer/-/safe-buffer-5.1.2.tgz 663ms (cache miss)
391 http fetch GET 200 https://registry.npmjs.org/function-bind/-/function-bind-1.1.2.tgz 758ms (cache miss)
392 http fetch GET 200 https://registry.npmjs.org/send/-/send-0.19.0.tgz 702ms (cache miss)
393 http fetch GET 200 https://registry.npmjs.org/safer-buffer/-/safer-buffer-2.1.2.tgz 740ms (cache miss)
394 http fetch GET 200 https://registry.npmjs.org/mime-db/-/mime-db-1.52.0.tgz 753ms (cache miss)
395 http fetch GET 200 https://registry.npmjs.org/body-parser/-/body-parser-1.20.3.tgz 689ms (cache miss)
396 http fetch GET 200 https://registry.npmjs.org/qs/-/qs-6.13.0.tgz 711ms (cache miss)
397 http fetch GET 200 https://registry.npmjs.org/debug/-/debug-2.6.9.tgz 704ms (cache miss)
398 http fetch GET 200 https://registry.npmjs.org/dotenv/-/dotenv-16.4.5.tgz 701ms (cache miss)
399 http fetch GET 200 https://registry.npmjs.org/readable-stream/-/readable-stream-2.3.7.tgz 781ms (cache miss)
400 http fetch GET 200 https://registry.npmjs.org/iconv-lite/-/iconv-lite-0.4.24.tgz 773ms (cache miss)
401 http fetch GET 200 https://registry.npmjs.org/object-inspect/-/object-inspect-1.13.2.tgz 803ms (cache miss)
402 http fetch GET 200 https://registry.npmjs.org/express/-/express-4.21.0.tgz 714ms (cache miss)
403 http fetch GET 200 https://registry.npmjs.org/bignumber.js/-/bignumber.js-9.0.0.tgz 787ms (cache miss)
404 http fetch GET 200 https://registry.npmjs.org/mysql/-/mysql-2.18.1.tgz 723ms (cache miss)
405 silly ADD node_modules/media-typer
406 silly ADD node_modules/has-property-descriptors
407 silly ADD node_modules/gopd
408 silly ADD node_modules/define-data-property
409 silly ADD node_modules/hasown
410 silly ADD node_modules/has-symbols
411 silly ADD node_modules/has-proto
412 silly ADD node_modules/set-function-length
413 silly ADD node_modules/function-bind
414 silly ADD node_modules/es-define-property
415 silly ADD node_modules/object-inspect
416 silly ADD node_modules/get-intrinsic
417 silly ADD node_modules/es-errors
418 silly ADD node_modules/call-bind
419 silly ADD node_modules/mime
420 silly ADD node_modules/util-deprecate
421 silly ADD node_modules/string_decoder
422 silly ADD node_modules/string_decoder/node_modules/safe-buffer
423 silly ADD node_modules/process-nextick-args
424 silly ADD node_modules/isarray
425 silly ADD node_modules/core-util-is
426 silly ADD node_modules/side-channel
427 silly ADD node_modules/ipaddr.js
428 silly ADD node_modules/forwarded
429 silly ADD node_modules/ee-first
430 silly ADD node_modules/sqlstring
431 silly ADD node_modules/readable-stream
432 silly ADD node_modules/readable-stream/node_modules/safe-buffer
433 silly ADD node_modules/bignumber.js
434 silly ADD node_modules/mime-db
435 silly ADD node_modules/safer-buffer
436 silly ADD node_modules/toidentifier
437 silly ADD node_modules/inherits
438 silly ADD node_modules/ms
439 silly ADD node_modules/unpipe
440 silly ADD node_modules/raw-body
441 silly ADD node_modules/iconv-lite
442 silly ADD node_modules/destroy
443 silly ADD node_modules/bytes
444 silly ADD node_modules/negotiator
445 silly ADD node_modules/mime-types
446 silly ADD node_modules/vary
447 silly ADD node_modules/utils-merge
448 silly ADD node_modules/type-is
449 silly ADD node_modules/statuses
450 silly ADD node_modules/setprototypeof
451 silly ADD node_modules/serve-static
452 silly ADD node_modules/send
453 silly ADD node_modules/send/node_modules/ms
454 silly ADD node_modules/send/node_modules/encodeurl
455 silly ADD node_modules/safe-buffer
456 silly ADD node_modules/range-parser
457 silly ADD node_modules/qs
458 silly ADD node_modules/proxy-addr
459 silly ADD node_modules/path-to-regexp
460 silly ADD node_modules/parseurl
461 silly ADD node_modules/on-finished
462 silly ADD node_modules/methods
463 silly ADD node_modules/merge-descriptors
464 silly ADD node_modules/http-errors
465 silly ADD node_modules/fresh
466 silly ADD node_modules/finalhandler
467 silly ADD node_modules/etag
468 silly ADD node_modules/escape-html
469 silly ADD node_modules/encodeurl
470 silly ADD node_modules/depd
471 silly ADD node_modules/debug
472 silly ADD node_modules/cookie-signature
473 silly ADD node_modules/cookie
474 silly ADD node_modules/content-type
475 silly ADD node_modules/content-disposition
476 silly ADD node_modules/body-parser
477 silly ADD node_modules/array-flatten
478 silly ADD node_modules/accepts
479 silly ADD node_modules/mysql
480 silly ADD node_modules/mysql/node_modules/safe-buffer
481 silly ADD node_modules/express
482 silly ADD node_modules/dotenv
483 verbose exit 0
484 info ok
